<?xml version="1.0" encoding="UTF-8"?>
<testng-results ignored="0" total="2" passed="2" failed="0" skipped="0">
  <reporter-output>
  </reporter-output>
  <suite started-at="2022-01-08T14:31:44Z" name="Default suite" finished-at="2022-01-08T14:31:50Z" duration-ms="6182">
    <groups>
      <group name="cucumber">
        <method signature="AbstractTestNGCucumberTests.runScenario(io.cucumber.testng.PickleWrapper, io.cucumber.testng.FeatureWrapper)[pri:0, instance:test.cucumber.ProjectCucumber.Runner@6392827e]" name="runScenario" class="io.cucumber.testng.AbstractTestNGCucumberTests"/>
      </group> <!-- cucumber -->
    </groups>
    <test started-at="2022-01-08T14:31:44Z" name="Default test" finished-at="2022-01-08T14:31:50Z" duration-ms="6182">
      <class name="test.cucumber.ProjectCucumber.Runner">
        <test-method is-config="true" signature="setUpClass()[pri:0, instance:test.cucumber.ProjectCucumber.Runner@6392827e]" started-at="2022-01-08T14:31:44Z" name="setUpClass" finished-at="2022-01-08T14:31:44Z" duration-ms="597" status="PASS">
          <reporter-output>
          </reporter-output>
        </test-method> <!-- setUpClass -->
        <test-method signature="runScenario(io.cucumber.testng.PickleWrapper, io.cucumber.testng.FeatureWrapper)[pri:0, instance:test.cucumber.ProjectCucumber.Runner@6392827e]" started-at="2022-01-08T14:31:44Z" name="runScenario" description="Runs Cucumber Scenarios" data-provider="scenarios" finished-at="2022-01-08T14:31:50Z" duration-ms="5436" status="PASS">
          <params>
            <param index="0">
              <value>
                <![CDATA["Title of your scenario"]]>
              </value>
            </param>
            <param index="1">
              <value>
                <![CDATA["Optional[Login]"]]>
              </value>
            </param>
          </params>
          <reporter-output>
          </reporter-output>
        </test-method> <!-- runScenario -->
        <test-method signature="t1()[pri:0, instance:test.cucumber.ProjectCucumber.Runner@6392827e]" started-at="2022-01-08T14:31:50Z" name="t1" finished-at="2022-01-08T14:31:50Z" duration-ms="1" status="PASS">
          <reporter-output>
          </reporter-output>
        </test-method> <!-- t1 -->
        <test-method is-config="true" signature="tearDownClass()[pri:0, instance:test.cucumber.ProjectCucumber.Runner@6392827e]" started-at="2022-01-08T14:31:50Z" name="tearDownClass" finished-at="2022-01-08T14:31:50Z" duration-ms="111" status="PASS">
          <reporter-output>
          </reporter-output>
        </test-method> <!-- tearDownClass -->
      </class> <!-- test.cucumber.ProjectCucumber.Runner -->
    </test> <!-- Default test -->
  </suite> <!-- Default suite -->
</testng-results>
